Сборка начата 27.12.2024 9:27:26.
Уровень детализации журнала: Normal.     1>Проект "D:\лабораторные\аисд\lab09\lab09\lab09.vcxproj" в узле 2 (целевые объекты Build).
     1>InitializeBuildStatus:
         Создание "x64\Debug\lab09.tlog\unsuccessfulbuild", так как было задано "AlwaysCreate".
         Обращение к "x64\Debug\lab09.tlog\unsuccessfulbuild".
       ClCompile:
         C:\Program Files\Microsoft Visual Studio\2022\Community\VC\Tools\MSVC\14.37.32822\bin\HostX64\x64\CL.exe /c /ZI /JMC /nologo /W3 /WX- /diagnostics:column /sdl /Od /D _DEBUG /D _CONSOLE /D _UNICODE /D UNICODE /Gm- /EHsc /RTC1 /MDd /GS /fp:precise /Zc:wchar_t /Zc:forScope /Zc:inline /permissive- /Fo"x64\Debug\\" /Fd"x64\Debug\vc143.pdb" /external:W3 /Gd /TP /FC /errorReport:prompt FileName.cpp
         FileName.cpp
     1>D:\лабораторные\аисд\lab09\lab09\FileName.cpp(123,19): warning C4244: инициализация: преобразование "__int64" в "int", возможна потеря данных
     1>D:\лабораторные\аисд\lab09\lab09\FileName.cpp(172,15): warning C4244: аргумент: преобразование "time_t" в "unsigned int", возможна потеря данных
       Link:
         C:\Program Files\Microsoft Visual Studio\2022\Community\VC\Tools\MSVC\14.37.32822\bin\HostX64\x64\link.exe /ERRORREPORT:PROMPT /OUT:"D:\лабораторные\аисд\lab09\x64\Debug\lab09.exe" /INCREMENTAL /ILK:"x64\Debug\lab09.ilk" /NOLOGO kernel32.lib user32.lib gdi32.lib winspool.lib comdlg32.lib advapi32.lib shell32.lib ole32.lib oleaut32.lib uuid.lib odbc32.lib odbccp32.lib /MANIFEST /MANIFESTUAC:"level='asInvoker' uiAccess='false'" /manifest:embed /DEBUG /PDB:"D:\лабораторные\аисд\lab09\x64\Debug\lab09.pdb" /SUBSYSTEM:CONSOLE /TLBID:1 /DYNAMICBASE /NXCOMPAT /IMPLIB:"D:\лабораторные\аисд\lab09\x64\Debug\lab09.lib" /MACHINE:X64 x64\Debug\FileName.obj
         lab09.vcxproj -> D:\лабораторные\аисд\lab09\x64\Debug\lab09.exe
       TlogCleanup:
         Следующие элементы будут удалены из tlogs, так как они были удалены из проекта или сборки: D:\лабораторные\aisd 2 k\lab09\lab09\FileName.cpp.
       FinalizeBuildStatus:
         Файл "x64\Debug\lab09.tlog\unsuccessfulbuild" удаляется.
         Обращение к "x64\Debug\lab09.tlog\lab09.lastbuildstate".
     1>Сборка проекта "D:\лабораторные\аисд\lab09\lab09\lab09.vcxproj" завершена (целевые объекты Build).

Сборка успешно завершена.

       "D:\лабораторные\аисд\lab09\lab09\lab09.vcxproj" (целевой объект Build ) (1) ->
       (Целевой объект ClCompile) -> 
         D:\лабораторные\аисд\lab09\lab09\FileName.cpp(123,19): warning C4244: инициализация: преобразование "__int64" в "int", возможна потеря данных
         D:\лабораторные\аисд\lab09\lab09\FileName.cpp(172,15): warning C4244: аргумент: преобразование "time_t" в "unsigned int", возможна потеря данных

    Предупреждений: 2
    Ошибок: 0

Прошло времени 00:00:01.04
